[2023-12-03 12:31:16,794 ] 14 root - INFO - >>*20 Data Ingestion <<<<<<<<<<<<<<<<<<<<<<<<<<<<<<<<<<<<<<<<
[2023-12-03 12:31:16,794 ] 21 root - INFO - Exporting collection data as pandas dataframe
[2023-12-03 12:31:16,795 ] 20 root - INFO - Reading data from database: aps and collection :sensor
[2023-12-03 12:31:29,750 ] 22 root - INFO - Found columns:Index(['_id', 'class', 'aa_000', 'ab_000', 'ac_000', 'ad_000', 'ae_000',
       'af_000', 'ag_000', 'ag_001',
       ...
       'ee_002', 'ee_003', 'ee_004', 'ee_005', 'ee_006', 'ee_007', 'ee_008',
       'ee_009', 'ef_000', 'eg_000'],
      dtype='object', length=172)
[2023-12-03 12:31:29,751 ] 24 root - INFO - Dropping column: _id
[2023-12-03 12:31:31,221 ] 26 root - INFO - Row and columns in df:(36188, 171)
[2023-12-03 12:31:31,222 ] 27 root - INFO - Save data in feature store
[2023-12-03 12:31:36,795 ] 33 root - INFO - Create feature store folder if not available
[2023-12-03 12:31:36,817 ] 37 root - INFO - Save df to feature store folder
[2023-12-03 12:31:42,523 ] 42 root - INFO - split dataset into train and test set
[2023-12-03 12:31:44,248 ] 46 root - INFO - create dataset directory folder if not available
[2023-12-03 12:31:44,249 ] 51 root - INFO - Save df to feature store folder
[2023-12-03 12:31:50,460 ] 63 root - INFO - Data ingestion artifact: DataIngestionArtifact(feature_store_file_path='/config/workspace/artifact/12032023__123116/data_ingestion/feature_store/sensor.csv', train_file_path='/config/workspace/artifact/12032023__123116/data_ingestion/dataset/train.csv', test_file_path='/config/workspace/artifact/12032023__123116/data_ingestion/dataset/test.csv')
[2023-12-03 12:31:52,845 ] 19 root - INFO - >>*20 Data Validation <<<<<<<<<<<<<<<<<<<<<<<<<<<<<<<<<<<<<<<<
[2023-12-03 12:31:52,846 ] 105 root - INFO - Reading base dataframe
[2023-12-03 12:32:00,555 ] 108 root - INFO - Replace na value in base df
[2023-12-03 12:32:00,556 ] 110 root - INFO - Drop null values columns from base df
[2023-12-03 12:32:01,110 ] 41 root - INFO - selecting column name which contains null values above to 0.2
[2023-12-03 12:32:01,111 ] 44 root - INFO - Columns to drop:  ['ab_000', 'ad_000', 'bk_000', 'bl_000', 'bm_000', 'bn_000', 'bo_000', 'bp_000', 'bq_000', 'br_000', 'cf_000', 'cg_000', 'ch_000', 'co_000', 'cr_000', 'ct_000', 'cu_000', 'cv_000', 'cx_000', 'cy_000', 'cz_000', 'da_000', 'db_000', 'dc_000']
[2023-12-03 12:32:01,354 ] 113 root - INFO - Reading train dataframe
[2023-12-03 12:32:02,435 ] 115 root - INFO - Reading test dataframe
[2023-12-03 12:32:02,871 ] 118 root - INFO - Drop null value columns from train df
[2023-12-03 12:32:02,898 ] 41 root - INFO - selecting column name which contains null values above to 0.2
[2023-12-03 12:32:02,899 ] 44 root - INFO - Columns to drop:  ['ab_000', 'ad_000', 'bk_000', 'bl_000', 'bm_000', 'bn_000', 'bo_000', 'bp_000', 'bq_000', 'br_000', 'cf_000', 'cg_000', 'ch_000', 'co_000', 'cr_000', 'ct_000', 'cu_000', 'cv_000', 'cx_000', 'cy_000', 'cz_000', 'da_000', 'db_000', 'dc_000']
[2023-12-03 12:32:02,933 ] 120 root - INFO - Drop null value columns from test df
[2023-12-03 12:32:02,941 ] 41 root - INFO - selecting column name which contains null values above to 0.2
[2023-12-03 12:32:02,942 ] 44 root - INFO - Columns to drop:  ['ab_000', 'ad_000', 'bk_000', 'bl_000', 'bm_000', 'bn_000', 'bo_000', 'bp_000', 'bq_000', 'br_000', 'cf_000', 'cg_000', 'ch_000', 'co_000', 'cr_000', 'ct_000', 'cu_000', 'cv_000', 'cx_000', 'cy_000', 'cz_000', 'da_000', 'db_000', 'dc_000']
[2023-12-03 12:32:04,635 ] 128 root - INFO - Is all required columns present in train df
[2023-12-03 12:32:04,635 ] 130 root - INFO - Is all required columns present in test df
[2023-12-03 12:32:04,636 ] 134 root - INFO - As all columns are available in train df hence detecting data drift
[2023-12-03 12:32:04,636 ] 83 root - INFO - Hypothesis class: object,object
[2023-12-03 12:32:04,867 ] 83 root - INFO - Hypothesis aa_000: float64,float64
[2023-12-03 12:32:04,933 ] 83 root - INFO - Hypothesis ac_000: float64,float64
[2023-12-03 12:32:04,990 ] 83 root - INFO - Hypothesis ae_000: float64,float64
[2023-12-03 12:32:05,043 ] 83 root - INFO - Hypothesis af_000: float64,float64
[2023-12-03 12:32:05,101 ] 83 root - INFO - Hypothesis ag_000: float64,float64
[2023-12-03 12:32:05,175 ] 83 root - INFO - Hypothesis ag_001: float64,float64
[2023-12-03 12:32:05,232 ] 83 root - INFO - Hypothesis ag_002: float64,float64
[2023-12-03 12:32:05,286 ] 83 root - INFO - Hypothesis ag_003: float64,float64
[2023-12-03 12:32:05,297 ] 83 root - INFO - Hypothesis ag_004: float64,float64
[2023-12-03 12:32:05,314 ] 83 root - INFO - Hypothesis ag_005: float64,float64
[2023-12-03 12:32:05,375 ] 83 root - INFO - Hypothesis ag_006: float64,float64
[2023-12-03 12:32:05,440 ] 83 root - INFO - Hypothesis ag_007: float64,float64
[2023-12-03 12:32:05,522 ] 83 root - INFO - Hypothesis ag_008: float64,float64
[2023-12-03 12:32:05,584 ] 83 root - INFO - Hypothesis ag_009: float64,float64
[2023-12-03 12:32:05,641 ] 83 root - INFO - Hypothesis ah_000: float64,float64
[2023-12-03 12:32:05,708 ] 83 root - INFO - Hypothesis ai_000: float64,float64
[2023-12-03 12:32:05,768 ] 83 root - INFO - Hypothesis aj_000: float64,float64
[2023-12-03 12:32:05,825 ] 83 root - INFO - Hypothesis ak_000: float64,float64
[2023-12-03 12:32:05,879 ] 83 root - INFO - Hypothesis al_000: float64,float64
[2023-12-03 12:32:05,896 ] 83 root - INFO - Hypothesis am_0: float64,float64
[2023-12-03 12:32:05,909 ] 83 root - INFO - Hypothesis an_000: float64,float64
[2023-12-03 12:32:05,975 ] 83 root - INFO - Hypothesis ao_000: float64,float64
[2023-12-03 12:32:06,037 ] 83 root - INFO - Hypothesis ap_000: float64,float64
[2023-12-03 12:32:06,054 ] 83 root - INFO - Hypothesis aq_000: float64,float64
[2023-12-03 12:32:06,120 ] 83 root - INFO - Hypothesis ar_000: float64,float64
[2023-12-03 12:32:06,179 ] 83 root - INFO - Hypothesis as_000: float64,float64
[2023-12-03 12:32:06,231 ] 83 root - INFO - Hypothesis at_000: float64,float64
[2023-12-03 12:32:06,286 ] 83 root - INFO - Hypothesis au_000: float64,float64
[2023-12-03 12:32:06,343 ] 83 root - INFO - Hypothesis av_000: float64,float64
[2023-12-03 12:32:06,405 ] 83 root - INFO - Hypothesis ax_000: float64,float64
[2023-12-03 12:32:06,467 ] 83 root - INFO - Hypothesis ay_000: float64,float64
[2023-12-03 12:32:06,521 ] 83 root - INFO - Hypothesis ay_001: float64,float64
[2023-12-03 12:32:06,578 ] 83 root - INFO - Hypothesis ay_002: float64,float64
[2023-12-03 12:32:06,637 ] 83 root - INFO - Hypothesis ay_003: float64,float64
[2023-12-03 12:32:06,694 ] 83 root - INFO - Hypothesis ay_004: float64,float64
[2023-12-03 12:32:06,774 ] 83 root - INFO - Hypothesis ay_005: float64,float64
[2023-12-03 12:32:06,787 ] 83 root - INFO - Hypothesis ay_006: float64,float64
[2023-12-03 12:32:06,849 ] 83 root - INFO - Hypothesis ay_007: float64,float64
[2023-12-03 12:32:06,865 ] 83 root - INFO - Hypothesis ay_008: float64,float64
[2023-12-03 12:32:06,881 ] 83 root - INFO - Hypothesis ay_009: float64,float64
[2023-12-03 12:32:06,935 ] 83 root - INFO - Hypothesis az_000: float64,float64
[2023-12-03 12:32:07,001 ] 83 root - INFO - Hypothesis az_001: float64,float64
[2023-12-03 12:32:07,061 ] 83 root - INFO - Hypothesis az_002: float64,float64
[2023-12-03 12:32:07,120 ] 83 root - INFO - Hypothesis az_003: float64,float64
[2023-12-03 12:32:07,198 ] 83 root - INFO - Hypothesis az_004: float64,float64
[2023-12-03 12:32:07,314 ] 83 root - INFO - Hypothesis az_005: float64,float64
[2023-12-03 12:32:07,418 ] 83 root - INFO - Hypothesis az_006: float64,float64
[2023-12-03 12:32:07,432 ] 83 root - INFO - Hypothesis az_007: float64,float64
[2023-12-03 12:32:07,512 ] 83 root - INFO - Hypothesis az_008: float64,float64
[2023-12-03 12:32:07,600 ] 83 root - INFO - Hypothesis az_009: float64,float64
[2023-12-03 12:32:07,688 ] 83 root - INFO - Hypothesis ba_000: float64,float64
[2023-12-03 12:32:07,784 ] 83 root - INFO - Hypothesis ba_001: float64,float64
[2023-12-03 12:32:07,899 ] 83 root - INFO - Hypothesis ba_002: float64,float64
[2023-12-03 12:32:08,039 ] 83 root - INFO - Hypothesis ba_003: float64,float64
[2023-12-03 12:32:08,163 ] 83 root - INFO - Hypothesis ba_004: float64,float64
[2023-12-03 12:32:08,198 ] 83 root - INFO - Hypothesis ba_005: float64,float64
[2023-12-03 12:32:08,224 ] 83 root - INFO - Hypothesis ba_006: float64,float64
[2023-12-03 12:32:08,302 ] 83 root - INFO - Hypothesis ba_007: float64,float64
[2023-12-03 12:32:08,318 ] 83 root - INFO - Hypothesis ba_008: float64,float64
[2023-12-03 12:32:08,380 ] 83 root - INFO - Hypothesis ba_009: float64,float64
[2023-12-03 12:32:08,442 ] 83 root - INFO - Hypothesis bb_000: float64,float64
[2023-12-03 12:32:08,512 ] 83 root - INFO - Hypothesis bc_000: float64,float64
[2023-12-03 12:32:08,526 ] 83 root - INFO - Hypothesis bd_000: float64,float64
[2023-12-03 12:32:08,599 ] 83 root - INFO - Hypothesis be_000: float64,float64
[2023-12-03 12:32:08,659 ] 83 root - INFO - Hypothesis bf_000: float64,float64
[2023-12-03 12:32:08,673 ] 83 root - INFO - Hypothesis bg_000: float64,float64
[2023-12-03 12:32:08,739 ] 83 root - INFO - Hypothesis bh_000: float64,float64
[2023-12-03 12:32:08,807 ] 83 root - INFO - Hypothesis bi_000: float64,float64
[2023-12-03 12:32:08,869 ] 83 root - INFO - Hypothesis bj_000: float64,float64
[2023-12-03 12:32:08,966 ] 83 root - INFO - Hypothesis bs_000: float64,float64
[2023-12-03 12:32:09,074 ] 83 root - INFO - Hypothesis bt_000: float64,float64
[2023-12-03 12:32:09,167 ] 83 root - INFO - Hypothesis bu_000: float64,float64
[2023-12-03 12:32:09,245 ] 83 root - INFO - Hypothesis bv_000: float64,float64
[2023-12-03 12:32:09,339 ] 83 root - INFO - Hypothesis bx_000: float64,float64
[2023-12-03 12:32:09,456 ] 83 root - INFO - Hypothesis by_000: float64,float64
[2023-12-03 12:32:09,472 ] 83 root - INFO - Hypothesis bz_000: float64,float64
[2023-12-03 12:32:09,487 ] 83 root - INFO - Hypothesis ca_000: float64,float64
[2023-12-03 12:32:09,599 ] 83 root - INFO - Hypothesis cb_000: float64,float64
[2023-12-03 12:32:09,696 ] 83 root - INFO - Hypothesis cc_000: float64,float64
[2023-12-03 12:32:09,788 ] 83 root - INFO - Hypothesis cd_000: float64,float64
[2023-12-03 12:32:09,846 ] 83 root - INFO - Hypothesis ce_000: float64,float64
[2023-12-03 12:32:09,944 ] 83 root - INFO - Hypothesis ci_000: float64,float64
[2023-12-03 12:32:10,011 ] 83 root - INFO - Hypothesis cj_000: float64,float64
[2023-12-03 12:32:10,126 ] 83 root - INFO - Hypothesis ck_000: float64,float64
[2023-12-03 12:32:10,231 ] 83 root - INFO - Hypothesis cl_000: float64,float64
[2023-12-03 12:32:10,242 ] 83 root - INFO - Hypothesis cm_000: float64,float64
[2023-12-03 12:32:10,322 ] 83 root - INFO - Hypothesis cn_000: float64,float64
[2023-12-03 12:32:10,406 ] 83 root - INFO - Hypothesis cn_001: float64,float64
[2023-12-03 12:32:10,416 ] 83 root - INFO - Hypothesis cn_002: float64,float64
[2023-12-03 12:32:10,430 ] 83 root - INFO - Hypothesis cn_003: float64,float64
[2023-12-03 12:32:10,445 ] 83 root - INFO - Hypothesis cn_004: float64,float64
[2023-12-03 12:32:10,505 ] 83 root - INFO - Hypothesis cn_005: float64,float64
[2023-12-03 12:32:10,522 ] 83 root - INFO - Hypothesis cn_006: float64,float64
[2023-12-03 12:32:10,537 ] 83 root - INFO - Hypothesis cn_007: float64,float64
[2023-12-03 12:32:10,552 ] 83 root - INFO - Hypothesis cn_008: float64,float64
[2023-12-03 12:32:10,657 ] 83 root - INFO - Hypothesis cn_009: float64,float64
[2023-12-03 12:32:10,749 ] 83 root - INFO - Hypothesis cp_000: float64,float64
[2023-12-03 12:32:10,854 ] 83 root - INFO - Hypothesis cq_000: float64,float64
[2023-12-03 12:32:10,934 ] 83 root - INFO - Hypothesis cs_000: float64,float64
[2023-12-03 12:32:11,022 ] 83 root - INFO - Hypothesis cs_001: float64,float64
[2023-12-03 12:32:11,099 ] 83 root - INFO - Hypothesis cs_002: float64,float64
[2023-12-03 12:32:11,168 ] 83 root - INFO - Hypothesis cs_003: float64,float64
[2023-12-03 12:32:11,238 ] 83 root - INFO - Hypothesis cs_004: float64,float64
[2023-12-03 12:32:11,300 ] 83 root - INFO - Hypothesis cs_005: float64,float64
[2023-12-03 12:32:11,368 ] 83 root - INFO - Hypothesis cs_006: float64,float64
[2023-12-03 12:32:11,435 ] 83 root - INFO - Hypothesis cs_007: float64,float64
[2023-12-03 12:32:11,500 ] 83 root - INFO - Hypothesis cs_008: float64,float64
[2023-12-03 12:32:11,560 ] 83 root - INFO - Hypothesis cs_009: float64,float64
[2023-12-03 12:32:11,613 ] 83 root - INFO - Hypothesis dd_000: float64,float64
[2023-12-03 12:32:11,678 ] 83 root - INFO - Hypothesis de_000: float64,float64
[2023-12-03 12:32:11,693 ] 83 root - INFO - Hypothesis df_000: float64,float64
[2023-12-03 12:32:11,759 ] 83 root - INFO - Hypothesis dg_000: float64,float64
[2023-12-03 12:32:11,823 ] 83 root - INFO - Hypothesis dh_000: float64,float64
[2023-12-03 12:32:11,879 ] 83 root - INFO - Hypothesis di_000: float64,float64
[2023-12-03 12:32:11,935 ] 83 root - INFO - Hypothesis dj_000: float64,float64
[2023-12-03 12:32:11,989 ] 83 root - INFO - Hypothesis dk_000: float64,float64
[2023-12-03 12:32:12,048 ] 83 root - INFO - Hypothesis dl_000: float64,float64
[2023-12-03 12:32:12,106 ] 83 root - INFO - Hypothesis dm_000: float64,float64
[2023-12-03 12:32:12,161 ] 83 root - INFO - Hypothesis dn_000: float64,float64
[2023-12-03 12:32:12,224 ] 83 root - INFO - Hypothesis do_000: float64,float64
[2023-12-03 12:32:12,240 ] 83 root - INFO - Hypothesis dp_000: float64,float64
[2023-12-03 12:32:12,315 ] 83 root - INFO - Hypothesis dq_000: float64,float64
[2023-12-03 12:32:12,378 ] 83 root - INFO - Hypothesis dr_000: float64,float64
[2023-12-03 12:32:12,446 ] 83 root - INFO - Hypothesis ds_000: float64,float64
[2023-12-03 12:32:12,547 ] 83 root - INFO - Hypothesis dt_000: float64,float64
[2023-12-03 12:32:12,637 ] 83 root - INFO - Hypothesis du_000: float64,float64
[2023-12-03 12:32:12,728 ] 83 root - INFO - Hypothesis dv_000: float64,float64
[2023-12-03 12:32:12,744 ] 83 root - INFO - Hypothesis dx_000: float64,float64
[2023-12-03 12:32:12,827 ] 83 root - INFO - Hypothesis dy_000: float64,float64
[2023-12-03 12:32:12,894 ] 83 root - INFO - Hypothesis dz_000: float64,float64
[2023-12-03 12:32:12,995 ] 83 root - INFO - Hypothesis ea_000: float64,float64
[2023-12-03 12:32:13,071 ] 83 root - INFO - Hypothesis eb_000: float64,float64
[2023-12-03 12:32:13,084 ] 83 root - INFO - Hypothesis ec_00: float64,float64
[2023-12-03 12:32:13,190 ] 83 root - INFO - Hypothesis ed_000: float64,float64
[2023-12-03 12:32:13,264 ] 83 root - INFO - Hypothesis ee_000: float64,float64
[2023-12-03 12:32:13,345 ] 83 root - INFO - Hypothesis ee_001: float64,float64
[2023-12-03 12:32:13,424 ] 83 root - INFO - Hypothesis ee_002: float64,float64
[2023-12-03 12:32:13,519 ] 83 root - INFO - Hypothesis ee_003: float64,float64
[2023-12-03 12:32:13,623 ] 83 root - INFO - Hypothesis ee_004: float64,float64
[2023-12-03 12:32:13,686 ] 83 root - INFO - Hypothesis ee_005: float64,float64
[2023-12-03 12:32:13,751 ] 83 root - INFO - Hypothesis ee_006: float64,float64
[2023-12-03 12:32:13,811 ] 83 root - INFO - Hypothesis ee_007: float64,float64
[2023-12-03 12:32:13,875 ] 83 root - INFO - Hypothesis ee_008: float64,float64
[2023-12-03 12:32:13,934 ] 83 root - INFO - Hypothesis ee_009: float64,float64
[2023-12-03 12:32:13,947 ] 83 root - INFO - Hypothesis ef_000: float64,float64
[2023-12-03 12:32:14,007 ] 83 root - INFO - Hypothesis eg_000: float64,float64
[2023-12-03 12:32:14,072 ] 137 root - INFO - As all columns are available in test df hence detecting data drift
[2023-12-03 12:32:14,077 ] 83 root - INFO - Hypothesis class: object,object
[2023-12-03 12:32:14,220 ] 83 root - INFO - Hypothesis aa_000: float64,float64
[2023-12-03 12:32:14,236 ] 83 root - INFO - Hypothesis ac_000: float64,float64
[2023-12-03 12:32:14,246 ] 83 root - INFO - Hypothesis ae_000: float64,float64
[2023-12-03 12:32:14,278 ] 83 root - INFO - Hypothesis af_000: float64,float64
[2023-12-03 12:32:14,302 ] 83 root - INFO - Hypothesis ag_000: float64,float64
[2023-12-03 12:32:14,329 ] 83 root - INFO - Hypothesis ag_001: float64,float64
[2023-12-03 12:32:14,356 ] 83 root - INFO - Hypothesis ag_002: float64,float64
[2023-12-03 12:32:14,380 ] 83 root - INFO - Hypothesis ag_003: float64,float64
[2023-12-03 12:32:14,392 ] 83 root - INFO - Hypothesis ag_004: float64,float64
[2023-12-03 12:32:14,403 ] 83 root - INFO - Hypothesis ag_005: float64,float64
[2023-12-03 12:32:14,415 ] 83 root - INFO - Hypothesis ag_006: float64,float64
[2023-12-03 12:32:14,426 ] 83 root - INFO - Hypothesis ag_007: float64,float64
[2023-12-03 12:32:14,446 ] 83 root - INFO - Hypothesis ag_008: float64,float64
[2023-12-03 12:32:14,457 ] 83 root - INFO - Hypothesis ag_009: float64,float64
[2023-12-03 12:32:14,467 ] 83 root - INFO - Hypothesis ah_000: float64,float64
[2023-12-03 12:32:14,483 ] 83 root - INFO - Hypothesis ai_000: float64,float64
[2023-12-03 12:32:14,507 ] 83 root - INFO - Hypothesis aj_000: float64,float64
[2023-12-03 12:32:14,515 ] 83 root - INFO - Hypothesis ak_000: float64,float64
[2023-12-03 12:32:14,543 ] 83 root - INFO - Hypothesis al_000: float64,float64
[2023-12-03 12:32:14,556 ] 83 root - INFO - Hypothesis am_0: float64,float64
[2023-12-03 12:32:14,566 ] 83 root - INFO - Hypothesis an_000: float64,float64
[2023-12-03 12:32:14,581 ] 83 root - INFO - Hypothesis ao_000: float64,float64
[2023-12-03 12:32:14,593 ] 83 root - INFO - Hypothesis ap_000: float64,float64
[2023-12-03 12:32:14,604 ] 83 root - INFO - Hypothesis aq_000: float64,float64
[2023-12-03 12:32:14,620 ] 83 root - INFO - Hypothesis ar_000: float64,float64
[2023-12-03 12:32:14,644 ] 83 root - INFO - Hypothesis as_000: float64,float64
[2023-12-03 12:32:14,672 ] 83 root - INFO - Hypothesis at_000: float64,float64
[2023-12-03 12:32:14,679 ] 83 root - INFO - Hypothesis au_000: float64,float64
[2023-12-03 12:32:14,702 ] 83 root - INFO - Hypothesis av_000: float64,float64
[2023-12-03 12:32:14,716 ] 83 root - INFO - Hypothesis ax_000: float64,float64
[2023-12-03 12:32:14,726 ] 83 root - INFO - Hypothesis ay_000: float64,float64
[2023-12-03 12:32:14,753 ] 83 root - INFO - Hypothesis ay_001: float64,float64
[2023-12-03 12:32:14,782 ] 83 root - INFO - Hypothesis ay_002: float64,float64
[2023-12-03 12:32:14,813 ] 83 root - INFO - Hypothesis ay_003: float64,float64
[2023-12-03 12:32:14,820 ] 83 root - INFO - Hypothesis ay_004: float64,float64
[2023-12-03 12:32:14,827 ] 83 root - INFO - Hypothesis ay_005: float64,float64
[2023-12-03 12:32:14,841 ] 83 root - INFO - Hypothesis ay_006: float64,float64
[2023-12-03 12:32:14,851 ] 83 root - INFO - Hypothesis ay_007: float64,float64
[2023-12-03 12:32:14,862 ] 83 root - INFO - Hypothesis ay_008: float64,float64
[2023-12-03 12:32:14,874 ] 83 root - INFO - Hypothesis ay_009: float64,float64
[2023-12-03 12:32:14,901 ] 83 root - INFO - Hypothesis az_000: float64,float64
[2023-12-03 12:32:14,911 ] 83 root - INFO - Hypothesis az_001: float64,float64
[2023-12-03 12:32:14,936 ] 83 root - INFO - Hypothesis az_002: float64,float64
[2023-12-03 12:32:14,955 ] 83 root - INFO - Hypothesis az_003: float64,float64
[2023-12-03 12:32:14,971 ] 83 root - INFO - Hypothesis az_004: float64,float64
[2023-12-03 12:32:14,986 ] 83 root - INFO - Hypothesis az_005: float64,float64
[2023-12-03 12:32:14,998 ] 83 root - INFO - Hypothesis az_006: float64,float64
[2023-12-03 12:32:15,008 ] 83 root - INFO - Hypothesis az_007: float64,float64
[2023-12-03 12:32:15,024 ] 83 root - INFO - Hypothesis az_008: float64,float64
[2023-12-03 12:32:15,032 ] 83 root - INFO - Hypothesis az_009: float64,float64
[2023-12-03 12:32:15,056 ] 83 root - INFO - Hypothesis ba_000: float64,float64
[2023-12-03 12:32:15,068 ] 83 root - INFO - Hypothesis ba_001: float64,float64
[2023-12-03 12:32:15,083 ] 83 root - INFO - Hypothesis ba_002: float64,float64
[2023-12-03 12:32:15,095 ] 83 root - INFO - Hypothesis ba_003: float64,float64
[2023-12-03 12:32:15,106 ] 83 root - INFO - Hypothesis ba_004: float64,float64
[2023-12-03 12:32:15,121 ] 83 root - INFO - Hypothesis ba_005: float64,float64
[2023-12-03 12:32:15,132 ] 83 root - INFO - Hypothesis ba_006: float64,float64
[2023-12-03 12:32:15,148 ] 83 root - INFO - Hypothesis ba_007: float64,float64
[2023-12-03 12:32:15,158 ] 83 root - INFO - Hypothesis ba_008: float64,float64
[2023-12-03 12:32:15,169 ] 83 root - INFO - Hypothesis ba_009: float64,float64
[2023-12-03 12:32:15,177 ] 83 root - INFO - Hypothesis bb_000: float64,float64
[2023-12-03 12:32:15,188 ] 83 root - INFO - Hypothesis bc_000: float64,float64
[2023-12-03 12:32:15,197 ] 83 root - INFO - Hypothesis bd_000: float64,float64
[2023-12-03 12:32:15,219 ] 83 root - INFO - Hypothesis be_000: float64,float64
[2023-12-03 12:32:15,241 ] 83 root - INFO - Hypothesis bf_000: float64,float64
[2023-12-03 12:32:15,250 ] 83 root - INFO - Hypothesis bg_000: float64,float64
[2023-12-03 12:32:15,285 ] 83 root - INFO - Hypothesis bh_000: float64,float64
[2023-12-03 12:32:15,305 ] 83 root - INFO - Hypothesis bi_000: float64,float64
[2023-12-03 12:32:15,336 ] 83 root - INFO - Hypothesis bj_000: float64,float64
[2023-12-03 12:32:15,347 ] 83 root - INFO - Hypothesis bs_000: float64,float64
[2023-12-03 12:32:15,366 ] 83 root - INFO - Hypothesis bt_000: float64,float64
[2023-12-03 12:32:15,393 ] 83 root - INFO - Hypothesis bu_000: float64,float64
[2023-12-03 12:32:15,412 ] 83 root - INFO - Hypothesis bv_000: float64,float64
[2023-12-03 12:32:15,448 ] 83 root - INFO - Hypothesis bx_000: float64,float64
[2023-12-03 12:32:15,467 ] 83 root - INFO - Hypothesis by_000: float64,float64
[2023-12-03 12:32:15,510 ] 83 root - INFO - Hypothesis bz_000: float64,float64
[2023-12-03 12:32:15,529 ] 83 root - INFO - Hypothesis ca_000: float64,float64
[2023-12-03 12:32:15,540 ] 83 root - INFO - Hypothesis cb_000: float64,float64
[2023-12-03 12:32:15,583 ] 83 root - INFO - Hypothesis cc_000: float64,float64
[2023-12-03 12:32:15,618 ] 83 root - INFO - Hypothesis cd_000: float64,float64
[2023-12-03 12:32:15,671 ] 83 root - INFO - Hypothesis ce_000: float64,float64
[2023-12-03 12:32:15,681 ] 83 root - INFO - Hypothesis ci_000: float64,float64
[2023-12-03 12:32:15,724 ] 83 root - INFO - Hypothesis cj_000: float64,float64
[2023-12-03 12:32:15,733 ] 83 root - INFO - Hypothesis ck_000: float64,float64
[2023-12-03 12:32:15,747 ] 83 root - INFO - Hypothesis cl_000: float64,float64
[2023-12-03 12:32:15,765 ] 83 root - INFO - Hypothesis cm_000: float64,float64
[2023-12-03 12:32:15,814 ] 83 root - INFO - Hypothesis cn_000: float64,float64
[2023-12-03 12:32:15,858 ] 83 root - INFO - Hypothesis cn_001: float64,float64
[2023-12-03 12:32:15,866 ] 83 root - INFO - Hypothesis cn_002: float64,float64
[2023-12-03 12:32:15,875 ] 83 root - INFO - Hypothesis cn_003: float64,float64
[2023-12-03 12:32:15,911 ] 83 root - INFO - Hypothesis cn_004: float64,float64
[2023-12-03 12:32:15,922 ] 83 root - INFO - Hypothesis cn_005: float64,float64
[2023-12-03 12:32:15,950 ] 83 root - INFO - Hypothesis cn_006: float64,float64
[2023-12-03 12:32:15,961 ] 83 root - INFO - Hypothesis cn_007: float64,float64
[2023-12-03 12:32:15,996 ] 83 root - INFO - Hypothesis cn_008: float64,float64
[2023-12-03 12:32:16,006 ] 83 root - INFO - Hypothesis cn_009: float64,float64
[2023-12-03 12:32:16,015 ] 83 root - INFO - Hypothesis cp_000: float64,float64
[2023-12-03 12:32:16,041 ] 83 root - INFO - Hypothesis cq_000: float64,float64
[2023-12-03 12:32:16,052 ] 83 root - INFO - Hypothesis cs_000: float64,float64
[2023-12-03 12:32:16,063 ] 83 root - INFO - Hypothesis cs_001: float64,float64
[2023-12-03 12:32:16,098 ] 83 root - INFO - Hypothesis cs_002: float64,float64
[2023-12-03 12:32:16,109 ] 83 root - INFO - Hypothesis cs_003: float64,float64
[2023-12-03 12:32:16,120 ] 83 root - INFO - Hypothesis cs_004: float64,float64
[2023-12-03 12:32:16,139 ] 83 root - INFO - Hypothesis cs_005: float64,float64
[2023-12-03 12:32:16,150 ] 83 root - INFO - Hypothesis cs_006: float64,float64
[2023-12-03 12:32:16,186 ] 83 root - INFO - Hypothesis cs_007: float64,float64
[2023-12-03 12:32:16,197 ] 83 root - INFO - Hypothesis cs_008: float64,float64
[2023-12-03 12:32:16,210 ] 83 root - INFO - Hypothesis cs_009: float64,float64
[2023-12-03 12:32:16,254 ] 83 root - INFO - Hypothesis dd_000: float64,float64
[2023-12-03 12:32:16,265 ] 83 root - INFO - Hypothesis de_000: float64,float64
[2023-12-03 12:32:16,287 ] 83 root - INFO - Hypothesis df_000: float64,float64
[2023-12-03 12:32:16,295 ] 83 root - INFO - Hypothesis dg_000: float64,float64
[2023-12-03 12:32:16,302 ] 83 root - INFO - Hypothesis dh_000: float64,float64
[2023-12-03 12:32:16,309 ] 83 root - INFO - Hypothesis di_000: float64,float64
[2023-12-03 12:32:16,337 ] 83 root - INFO - Hypothesis dj_000: float64,float64
[2023-12-03 12:32:16,345 ] 83 root - INFO - Hypothesis dk_000: float64,float64
[2023-12-03 12:32:16,352 ] 83 root - INFO - Hypothesis dl_000: float64,float64
[2023-12-03 12:32:16,396 ] 83 root - INFO - Hypothesis dm_000: float64,float64
[2023-12-03 12:32:16,432 ] 83 root - INFO - Hypothesis dn_000: float64,float64
[2023-12-03 12:32:16,443 ] 83 root - INFO - Hypothesis do_000: float64,float64
[2023-12-03 12:32:16,454 ] 83 root - INFO - Hypothesis dp_000: float64,float64
[2023-12-03 12:32:16,480 ] 83 root - INFO - Hypothesis dq_000: float64,float64
[2023-12-03 12:32:16,488 ] 83 root - INFO - Hypothesis dr_000: float64,float64
[2023-12-03 12:32:16,497 ] 83 root - INFO - Hypothesis ds_000: float64,float64
[2023-12-03 12:32:16,507 ] 83 root - INFO - Hypothesis dt_000: float64,float64
[2023-12-03 12:32:16,542 ] 83 root - INFO - Hypothesis du_000: float64,float64
[2023-12-03 12:32:16,553 ] 83 root - INFO - Hypothesis dv_000: float64,float64
[2023-12-03 12:32:16,564 ] 83 root - INFO - Hypothesis dx_000: float64,float64
[2023-12-03 12:32:16,593 ] 83 root - INFO - Hypothesis dy_000: float64,float64
[2023-12-03 12:32:16,602 ] 83 root - INFO - Hypothesis dz_000: float64,float64
[2023-12-03 12:32:16,646 ] 83 root - INFO - Hypothesis ea_000: float64,float64
[2023-12-03 12:32:16,653 ] 83 root - INFO - Hypothesis eb_000: float64,float64
[2023-12-03 12:32:16,663 ] 83 root - INFO - Hypothesis ec_00: float64,float64
[2023-12-03 12:32:16,693 ] 83 root - INFO - Hypothesis ed_000: float64,float64
[2023-12-03 12:32:16,703 ] 83 root - INFO - Hypothesis ee_000: float64,float64
[2023-12-03 12:32:16,715 ] 83 root - INFO - Hypothesis ee_001: float64,float64
[2023-12-03 12:32:16,730 ] 83 root - INFO - Hypothesis ee_002: float64,float64
[2023-12-03 12:32:16,741 ] 83 root - INFO - Hypothesis ee_003: float64,float64
[2023-12-03 12:32:16,752 ] 83 root - INFO - Hypothesis ee_004: float64,float64
[2023-12-03 12:32:16,763 ] 83 root - INFO - Hypothesis ee_005: float64,float64
[2023-12-03 12:32:16,778 ] 83 root - INFO - Hypothesis ee_006: float64,float64
[2023-12-03 12:32:16,789 ] 83 root - INFO - Hypothesis ee_007: float64,float64
[2023-12-03 12:32:16,807 ] 83 root - INFO - Hypothesis ee_008: float64,float64
[2023-12-03 12:32:16,817 ] 83 root - INFO - Hypothesis ee_009: float64,float64
[2023-12-03 12:32:16,827 ] 83 root - INFO - Hypothesis ef_000: float64,float64
[2023-12-03 12:32:16,859 ] 83 root - INFO - Hypothesis eg_000: float64,float64
[2023-12-03 12:32:16,886 ] 141 root - INFO - Writing report in yaml file 
[2023-12-03 12:32:17,018 ] 145 root - INFO - Data validation artifact: DataValidationArtifact(report_file_path='/config/workspace/artifact/12032023__123116/data_validation/report.yaml')
