[2023-12-03 12:27:16,647 ] 14 root - INFO - >>*20 Data Ingestion <<<<<<<<<<<<<<<<<<<<<<<<<<<<<<<<<<<<<<<<
[2023-12-03 12:27:16,648 ] 21 root - INFO - Exporting collection data as pandas dataframe
[2023-12-03 12:27:16,648 ] 20 root - INFO - Reading data from database: aps and collection :sensor
[2023-12-03 12:27:30,976 ] 22 root - INFO - Found columns:Index(['_id', 'class', 'aa_000', 'ab_000', 'ac_000', 'ad_000', 'ae_000',
       'af_000', 'ag_000', 'ag_001',
       ...
       'ee_002', 'ee_003', 'ee_004', 'ee_005', 'ee_006', 'ee_007', 'ee_008',
       'ee_009', 'ef_000', 'eg_000'],
      dtype='object', length=172)
[2023-12-03 12:27:30,978 ] 24 root - INFO - Dropping column: _id
[2023-12-03 12:27:33,131 ] 26 root - INFO - Row and columns in df:(36188, 171)
[2023-12-03 12:27:33,131 ] 27 root - INFO - Save data in feature store
[2023-12-03 12:27:38,591 ] 33 root - INFO - Create feature store folder if not available
[2023-12-03 12:27:38,593 ] 37 root - INFO - Save df to feature store folder
[2023-12-03 12:27:44,227 ] 42 root - INFO - split dataset into train and test set
[2023-12-03 12:27:46,131 ] 46 root - INFO - create dataset directory folder if not available
[2023-12-03 12:27:46,133 ] 51 root - INFO - Save df to feature store folder
[2023-12-03 12:27:52,018 ] 63 root - INFO - Data ingestion artifact: DataIngestionArtifact(feature_store_file_path='/config/workspace/artifact/12032023__122716/data_ingestion/feature_store/sensor.csv', train_file_path='/config/workspace/artifact/12032023__122716/data_ingestion/dataset/train.csv', test_file_path='/config/workspace/artifact/12032023__122716/data_ingestion/dataset/test.csv')
[2023-12-03 12:27:54,424 ] 19 root - INFO - >>*20 Data Validation <<<<<<<<<<<<<<<<<<<<<<<<<<<<<<<<<<<<<<<<
[2023-12-03 12:27:54,425 ] 105 root - INFO - Reading base dataframe
[2023-12-03 12:28:01,405 ] 108 root - INFO - Replace na value in base df
[2023-12-03 12:28:01,406 ] 110 root - INFO - Drop null values columns from base df
[2023-12-03 12:28:01,839 ] 41 root - INFO - selecting column name which contains null values above to 0.2
[2023-12-03 12:28:01,841 ] 44 root - INFO - Columns to drop:  ['ab_000', 'ad_000', 'bk_000', 'bl_000', 'bm_000', 'bn_000', 'bo_000', 'bp_000', 'bq_000', 'br_000', 'cf_000', 'cg_000', 'ch_000', 'co_000', 'cr_000', 'ct_000', 'cu_000', 'cv_000', 'cx_000', 'cy_000', 'cz_000', 'da_000', 'db_000', 'dc_000']
[2023-12-03 12:28:02,060 ] 113 root - INFO - Reading train dataframe
[2023-12-03 12:28:03,047 ] 115 root - INFO - Reading test dataframe
[2023-12-03 12:28:03,304 ] 118 root - INFO - Drop null value columns from train df
[2023-12-03 12:28:03,342 ] 41 root - INFO - selecting column name which contains null values above to 0.2
[2023-12-03 12:28:03,343 ] 44 root - INFO - Columns to drop:  ['ab_000', 'ad_000', 'bk_000', 'bl_000', 'bm_000', 'bn_000', 'bo_000', 'bp_000', 'bq_000', 'br_000', 'cf_000', 'cg_000', 'ch_000', 'co_000', 'cr_000', 'ct_000', 'cu_000', 'cv_000', 'cx_000', 'cy_000', 'cz_000', 'da_000', 'db_000', 'dc_000']
[2023-12-03 12:28:03,368 ] 120 root - INFO - Drop null value columns from test df
[2023-12-03 12:28:03,374 ] 41 root - INFO - selecting column name which contains null values above to 0.2
[2023-12-03 12:28:03,375 ] 44 root - INFO - Columns to drop:  ['ab_000', 'ad_000', 'bk_000', 'bl_000', 'bm_000', 'bn_000', 'bo_000', 'bp_000', 'bq_000', 'br_000', 'cf_000', 'cg_000', 'ch_000', 'co_000', 'cr_000', 'ct_000', 'cu_000', 'cv_000', 'cx_000', 'cy_000', 'cz_000', 'da_000', 'db_000', 'dc_000']
[2023-12-03 12:28:05,455 ] 128 root - INFO - Is all required columns present in train df
